<?xml version="1.0" encoding="UTF-8"?>
<!-- Generated by org.testng.reporters.JUnitXMLReporter -->
<testsuite ignored="0" hostname="DESKTOP-J8IKUJ9" failures="1" tests="1" name="Test1" time="10.873" errors="0" timestamp="2024-03-09T01:13:54 AEDT">
  <testcase classname="io.cucumber.testng.AbstractTestNGCucumberTests" name="runScenario" time="3.863">
    <failure type="io.cucumber.core.exception.CucumberException" message="Could not convert arguments for step [Search for Products and click add to cart] defined at &amp;apos;com.woolsworth.stepdefinitions.CartCheckOut.ProductSearch(java.util.List&amp;lt;com.woolsworth.userjourney.Products&amp;gt;)&amp;apos;.
It appears you did not register a data table type.">
      <![CDATA[io.cucumber.core.exception.CucumberException: Could not convert arguments for step [Search for Products and click add to cart] defined at 'com.woolsworth.stepdefinitions.CartCheckOut.ProductSearch(java.util.List<com.woolsworth.userjourney.Products>)'.
It appears you did not register a data table type.
at io.cucumber.core.runner.PickleStepDefinitionMatch.registerDataTableTypeInConfiguration(PickleStepDefinitionMatch.java:96)
at io.cucumber.core.runner.PickleStepDefinitionMatch.runStep(PickleStepDefinitionMatch.java:50)
at io.cucumber.core.runner.ExecutionMode$1.execute(ExecutionMode.java:10)
at io.cucumber.core.runner.TestStep.executeStep(TestStep.java:84)
at io.cucumber.core.runner.TestStep.run(TestStep.java:56)
at io.cucumber.core.runner.PickleStepTestStep.run(PickleStepTestStep.java:51)
at io.cucumber.core.runner.TestCase.run(TestCase.java:84)
at io.cucumber.core.runner.Runner.runPickle(Runner.java:75)
at io.cucumber.testng.TestNGCucumberRunner.lambda$runScenario$1(TestNGCucumberRunner.java:132)
at io.cucumber.core.runtime.CucumberExecutionContext.lambda$runTestCase$5(CucumberExecutionContext.java:137)
at io.cucumber.core.runtime.RethrowingThrowableCollector.executeAndThrow(RethrowingThrowableCollector.java:23)
at io.cucumber.core.runtime.CucumberExecutionContext.runTestCase(CucumberExecutionContext.java:137)
at io.cucumber.testng.TestNGCucumberRunner.runScenario(TestNGCucumberRunner.java:129)
at io.cucumber.testng.AbstractTestNGCucumberTests.runScenario(AbstractTestNGCucumberTests.java:35)
at java.base/jdk.internal.reflect.NativeMethodAccessorImpl.invoke0(Native Method)
at java.base/jdk.internal.reflect.NativeMethodAccessorImpl.invoke(NativeMethodAccessorImpl.java:77)
at java.base/jdk.internal.reflect.DelegatingMethodAccessorImpl.invoke(DelegatingMethodAccessorImpl.java:43)
at java.base/java.lang.reflect.Method.invoke(Method.java:568)
at org.testng.internal.invokers.MethodInvocationHelper.invokeMethod(MethodInvocationHelper.java:139)
at org.testng.internal.invokers.TestInvoker.invokeMethod(TestInvoker.java:664)
at org.testng.internal.invokers.TestInvoker.invokeTestMethod(TestInvoker.java:228)
at org.testng.internal.invokers.TestMethodWithDataProviderMethodWorker.call(TestMethodWithDataProviderMethodWorker.java:80)
at java.base/java.util.concurrent.CompletableFuture$AsyncSupply.run(CompletableFuture.java:1768)
at java.base/java.util.concurrent.ThreadPoolExecutor.runWorker(ThreadPoolExecutor.java:1136)
at java.base/java.util.concurrent.ThreadPoolExecutor$Worker.run(ThreadPoolExecutor.java:635)
at java.base/java.lang.Thread.run(Thread.java:833)
Caused by: io.cucumber.datatable.UndefinedDataTableTypeException: Can't convert DataTable to List<com.woolsworth.userjourney.Products>.
Please review these problems:

 - There was no table entry or table row transformer registered for com.woolsworth.userjourney.Products.
   Please consider registering a table entry or row transformer.

 - There was no table cell transformer registered for com.woolsworth.userjourney.Products.
   Please consider registering a table cell transformer.

 - There was no default table entry transformer registered to transform com.woolsworth.userjourney.Products.
   Please consider registering a default table entry transformer.

 - There was no default table cell transformer registered to transform com.woolsworth.userjourney.Products.
   Please consider registering a default table cell transformer.

Note: Usually solving one is enough
at io.cucumber.datatable.UndefinedDataTableTypeException.listNoConverterDefined(UndefinedDataTableTypeException.java:102)
at io.cucumber.datatable.DataTableTypeRegistryTableConverter.toList(DataTableTypeRegistryTableConverter.java:144)
at io.cucumber.datatable.DataTableTypeRegistryTableConverter.convert(DataTableTypeRegistryTableConverter.java:110)
at io.cucumber.datatable.DataTable.convert(DataTable.java:478)
at io.cucumber.core.stepexpression.StepExpressionFactory.lambda$createExpression$0(StepExpressionFactory.java:66)
at io.cucumber.core.stepexpression.DataTableArgument.getValue(DataTableArgument.java:20)
at io.cucumber.core.runner.PickleStepDefinitionMatch.runStep(PickleStepDefinitionMatch.java:47)
... 24 more
]]>
    </failure>
  </testcase> <!-- runScenario -->
</testsuite> <!-- Test1 -->
