<?xml version="1.0" encoding="UTF-8"?>
<testng-results ignored="0" total="1" passed="1" failed="0" skipped="0">
  <reporter-output>
  </reporter-output>
  <suite started-at="2024-03-10T11:55:18 AEDT" name="Default suite" finished-at="2024-03-10T11:56:18 AEDT" duration-ms="59706">
    <groups>
      <group name="cucumber">
        <method signature="AbstractTestNGCucumberTests.runScenario(io.cucumber.testng.PickleWrapper,io.cucumber.testng.FeatureWrapper)[pri:0, instance:com.woolsworth.runner.Runner@72bc6553]" name="runScenario" class="io.cucumber.testng.AbstractTestNGCucumberTests"/>
      </group> <!-- cucumber -->
    </groups>
    <test started-at="2024-03-10T11:55:18 AEDT" name="Default test" finished-at="2024-03-10T11:56:18 AEDT" duration-ms="59706">
      <class name="com.woolsworth.runner.Runner">
        <test-method is-config="true" signature="setUpClass(org.testng.ITestContext)[pri:0, instance:com.woolsworth.runner.Runner@72bc6553]" started-at="2024-03-10T11:55:18 AEDT" name="setUpClass" finished-at="2024-03-10T11:55:20 AEDT" duration-ms="1687" status="PASS">
          <params>
            <param index="0">
              <value>
                <![CDATA[org.testng.TestRunner@deb3b60]]>
              </value>
            </param>
          </params>
          <reporter-output>
          </reporter-output>
        </test-method> <!-- setUpClass -->
        <test-method signature="runScenario(io.cucumber.testng.PickleWrapper,io.cucumber.testng.FeatureWrapper)[pri:0, instance:com.woolsworth.runner.Runner@72bc6553]" started-at="2024-03-10T11:55:20 AEDT" name="runScenario" description="Runs Cucumber Scenarios" data-provider="scenarios" finished-at="2024-03-10T11:56:14 AEDT" duration-ms="54262" status="PASS">
          <params>
            <param index="0">
              <value>
                <![CDATA["Add items to the cart"]]>
              </value>
            </param>
            <param index="1">
              <value>
                <![CDATA["cart and checkout"]]>
              </value>
            </param>
          </params>
          <reporter-output>
          </reporter-output>
        </test-method> <!-- runScenario -->
        <test-method is-config="true" signature="postCondition()[pri:0, instance:com.woolsworth.runner.Runner@72bc6553]" started-at="2024-03-10T11:56:14 AEDT" name="postCondition" finished-at="2024-03-10T11:56:15 AEDT" duration-ms="1011" status="PASS">
          <reporter-output>
          </reporter-output>
        </test-method> <!-- postCondition -->
        <test-method is-config="true" signature="tearDownClass()[pri:0, instance:com.woolsworth.runner.Runner@72bc6553]" started-at="2024-03-10T11:56:15 AEDT" name="tearDownClass" finished-at="2024-03-10T11:56:18 AEDT" duration-ms="2587" status="PASS">
          <reporter-output>
          </reporter-output>
        </test-method> <!-- tearDownClass -->
      </class> <!-- com.woolsworth.runner.Runner -->
    </test> <!-- Default test -->
  </suite> <!-- Default suite -->
</testng-results>
